Using pre-set license
Built from '2020.3/staging' branch; Version is '2020.3.26f1 (7298b473bc1a) revision 7510196'; Using compiler version '192528614'; Build Type 'Release'
OS: 'Windows 10  (10.0.19044) 64bit Core' Language: 'en' Physical Memory: 32715 MB
BatchMode: 1, IsHumanControllingUs: 0, StartBugReporterOnCrash: 0, Is64bit: 1, IsPro: 0

COMMAND LINE ARGUMENTS:
D:\unity\2020.3.26f1\Editor\Unity.exe
-adb2
-batchMode
-noUpm
-name
AssetImportWorker0
-projectPath
E:/_ff/UI_HW
-logFile
Logs/AssetImportWorker0.log
-srvPort
64584
Successfully changed project path to: E:/_ff/UI_HW
E:/_ff/UI_HW
Using Asset Import Pipeline V2.
Refreshing native plugins compatible for Editor in 32.90 ms, found 2 plugins.
Preloading 0 native plugins for Editor in 0.00 ms.
Initialize engine version: 2020.3.26f1 (7298b473bc1a)
[Subsystems] Discovering subsystems at path D:/unity/2020.3.26f1/Editor/Data/Resources/UnitySubsystems
[Subsystems] Discovering subsystems at path E:/_ff/UI_HW/Assets
GfxDevice: creating device client; threaded=0
Direct3D:
    Version:  Direct3D 11.0 [level 11.1]
    Renderer: NVIDIA GeForce GTX 1080 Ti (ID=0x1b06)
    Vendor:   
    VRAM:     11127 MB
    Driver:   27.21.14.5671
Initialize mono
Mono path[0] = 'D:/unity/2020.3.26f1/Editor/Data/Managed'
Mono path[1] = 'D:/unity/2020.3.26f1/Editor/Data/MonoBleedingEdge/lib/mono/unityjit'
Mono config path = 'D:/unity/2020.3.26f1/Editor/Data/MonoBleedingEdge/etc'
Using monoOptions --debugger-agent=transport=dt_socket,embedding=1,server=y,suspend=n,address=127.0.0.1:56480
Begin MonoManager ReloadAssembly
Registering precompiled unity dll's ...
Register platform support module: D:/unity/2020.3.26f1/Editor/Data/PlaybackEngines/WindowsStandaloneSupport/UnityEditor.WindowsStandalone.Extensions.dll
Registered in 0.001182 seconds.
Native extension for WindowsStandalone target not found
Refreshing native plugins compatible for Editor in 44.05 ms, found 2 plugins.
Preloading 0 native plugins for Editor in 0.00 ms.
Mono: successfully reloaded assembly
- Completed reload, in  0.631 seconds
Domain Reload Profiling:
	ReloadAssembly (632ms)
		BeginReloadAssembly (54ms)
			ExecutionOrderSort (0ms)
			DisableScriptedObjects (0ms)
			BackupInstance (0ms)
			ReleaseScriptingObjects (0ms)
			CreateAndSetChildDomain (1ms)
		EndReloadAssembly (503ms)
			LoadAssemblies (53ms)
			RebuildTransferFunctionScriptingTraits (0ms)
			SetupTypeCache (162ms)
			ReleaseScriptCaches (0ms)
			RebuildScriptCaches (30ms)
			SetupLoadedEditorAssemblies (188ms)
				LogAssemblyErrors (0ms)
				InitializePlatformSupportModulesInManaged (7ms)
				SetLoadedEditorAssemblies (0ms)
				RefreshPlugins (44ms)
				BeforeProcessingInitializeOnLoad (18ms)
				ProcessInitializeOnLoadAttributes (88ms)
				ProcessInitializeOnLoadMethodAttributes (30ms)
				AfterProcessingInitializeOnLoad (0ms)
				EditorAssembliesLoaded (0ms)
			ExecutionOrderSort2 (0ms)
			AwakeInstancesAfterBackupRestoration (0ms)
Platform modules already initialized, skipping
Registering precompiled user dll's ...
Registered in 0.003335 seconds.
Begin MonoManager ReloadAssembly
Native extension for WindowsStandalone target not found
Refreshing native plugins compatible for Editor in 0.38 ms, found 2 plugins.
Preloading 0 native plugins for Editor in 0.00 ms.
Mono: successfully reloaded assembly
- Completed reload, in  1.051 seconds
Domain Reload Profiling:
	ReloadAssembly (1052ms)
		BeginReloadAssembly (148ms)
			ExecutionOrderSort (0ms)
			DisableScriptedObjects (5ms)
			BackupInstance (0ms)
			ReleaseScriptingObjects (0ms)
			CreateAndSetChildDomain (20ms)
		EndReloadAssembly (842ms)
			LoadAssemblies (87ms)
			RebuildTransferFunctionScriptingTraits (0ms)
			SetupTypeCache (304ms)
			ReleaseScriptCaches (0ms)
			RebuildScriptCaches (41ms)
			SetupLoadedEditorAssemblies (315ms)
				LogAssemblyErrors (0ms)
				InitializePlatformSupportModulesInManaged (4ms)
				SetLoadedEditorAssemblies (0ms)
				RefreshPlugins (0ms)
				BeforeProcessingInitializeOnLoad (79ms)
				ProcessInitializeOnLoadAttributes (218ms)
				ProcessInitializeOnLoadMethodAttributes (10ms)
				AfterProcessingInitializeOnLoad (3ms)
				EditorAssembliesLoaded (0ms)
			ExecutionOrderSort2 (0ms)
			AwakeInstancesAfterBackupRestoration (7ms)
Platform modules already initialized, skipping
========================================================================
Worker process is ready to serve import requests
Launched and connected shader compiler UnityShaderCompiler.exe after 0.07 seconds
Refreshing native plugins compatible for Editor in 0.37 ms, found 2 plugins.
Preloading 0 native plugins for Editor in 0.00 ms.
Unloading 1504 Unused Serialized files (Serialized files now loaded: 0)
System memory in use before: 70.2 MB.
System memory in use after: 70.3 MB.

Unloading 19 unused Assets to reduce memory usage. Loaded Objects now: 1936.
Total: 3.122500 ms (FindLiveObjects: 0.220900 ms CreateObjectMapping: 0.040700 ms MarkObjects: 2.779400 ms  DeleteObjects: 0.079600 ms)

AssetImportParameters requested are different than current active one (requested -> active):
  custom:framework-win-MediaFoundation: 216162199b28c13a410421893ffa2e32 -> 
  custom:video-decoder-ogg-theora: a1e56fd34408186e4bbccfd4996cb3dc -> 
  custom:container-muxer-webm: aa71ff27fc2769a1b78a27578f13a17b -> 
  custom:container-demuxer-webm: 4f35f7cbe854078d1ac9338744f61a02 -> 
  custom:container-demuxer-ogg: 62fdf1f143b41e24485cea50d1cbac27 -> 
  custom:video-encoder-webm-vp8: eb34c28f22e8b96e1ab97ce403110664 -> 
  custom:video-decoder-webm-vp8: 9c59270c3fd7afecdb556c50c9e8de78 -> 
  custom:audio-decoder-ogg-vorbis: bf7c407c2cedff20999df2af8eb42d56 -> 
  custom:audio-encoder-webm-vorbis: bf7c407c2cedff20999df2af8eb42d56 -> 
========================================================================
Received Import Request.
  path: Assets
  artifactKey: Guid(00000000000000001000000000000000) Importer(815301076,1909f56bfc062723c751e8b465ee728b)
Start importing Assets using Guid(00000000000000001000000000000000) Importer(815301076,1909f56bfc062723c751e8b465ee728b)  -> (artifact id: '42d402b061de3733987d63b9cc3b64de') in 0.009095 seconds 
  Import took 0.011381 seconds .

========================================================================
Received Import Request.
  Time since last request: 0.000239 seconds.
  path: Assets/Scenes
  artifactKey: Guid(dd328994f6cd5de478ac985cd56ff6e9) Importer(815301076,1909f56bfc062723c751e8b465ee728b)
Start importing Assets/Scenes using Guid(dd328994f6cd5de478ac985cd56ff6e9) Importer(815301076,1909f56bfc062723c751e8b465ee728b)  -> (artifact id: 'c1cbc47334d770ed093b0b555f90e356') in 0.005524 seconds 
  Import took 0.007925 seconds .

========================================================================
Received Import Request.
  Time since last request: 9.324785 seconds.
  path: Assets/Art
  artifactKey: Guid(1e1cc21280083664e8e22d3b7faefc27) Importer(815301076,1909f56bfc062723c751e8b465ee728b)
Start importing Assets/Art using Guid(1e1cc21280083664e8e22d3b7faefc27) Importer(815301076,1909f56bfc062723c751e8b465ee728b)  -> (artifact id: '98b83588ffeb67163642e8b8bedffb49') in 0.007726 seconds 
  Import took 0.010350 seconds .

========================================================================
Received Import Request.
  Time since last request: 8.311527 seconds.
  path: Assets/Art/New Folder
  artifactKey: Guid(8749c842ec4ddf145b4943a84262f176) Importer(815301076,1909f56bfc062723c751e8b465ee728b)
Start importing Assets/Art/New Folder using Guid(8749c842ec4ddf145b4943a84262f176) Importer(815301076,1909f56bfc062723c751e8b465ee728b)  -> (artifact id: '76e296477287ee8d302f8ca79469eeb2') in 0.008351 seconds 
  Import took 0.010779 seconds .

========================================================================
Received Import Request.
  Time since last request: 0.070584 seconds.
  path: Assets/Scenes/SampleScene.unity
  artifactKey: Guid(9fc0d4010bbf28b4594072e72b8655ab) Importer(815301076,1909f56bfc062723c751e8b465ee728b)
Start importing Assets/Scenes/SampleScene.unity using Guid(9fc0d4010bbf28b4594072e72b8655ab) Importer(815301076,1909f56bfc062723c751e8b465ee728b)  -> (artifact id: '1b79a3b5221f782d4d24fff1d2a0c87e') in 0.017416 seconds 
  Import took 0.019756 seconds .

========================================================================
Received Import Request.
  Time since last request: 83.157697 seconds.
  path: Assets/Art/Button (2).png
  artifactKey: Guid(d32a69a13c2b7fa4daf5a229578ca62e) Importer(815301076,1909f56bfc062723c751e8b465ee728b)
Start importing Assets/Art/Button (2).png using Guid(d32a69a13c2b7fa4daf5a229578ca62e) Importer(815301076,1909f56bfc062723c751e8b465ee728b)  -> (artifact id: 'e2b27e56cbd2068f8a9c2c8e5cc36519') in 0.096752 seconds 
  Import took 0.099933 seconds .

========================================================================
Received Import Request.
  Time since last request: 3.489336 seconds.
  path: Assets/Art/Rectangle 1569 - Copy.png
  artifactKey: Guid(162035eaf833c9e43be0e100c949926f) Importer(815301076,1909f56bfc062723c751e8b465ee728b)
Start importing Assets/Art/Rectangle 1569 - Copy.png using Guid(162035eaf833c9e43be0e100c949926f) Importer(815301076,1909f56bfc062723c751e8b465ee728b)  -> (artifact id: '65fbbec1a8168796531cad631c359d72') in 0.012320 seconds 
  Import took 0.015190 seconds .

========================================================================
Received Import Request.
  Time since last request: 1.566187 seconds.
  path: Assets/Art/Rectangle 1569.png
  artifactKey: Guid(7112a5ee523175747b1f7cc904c2637e) Importer(815301076,1909f56bfc062723c751e8b465ee728b)
Start importing Assets/Art/Rectangle 1569.png using Guid(7112a5ee523175747b1f7cc904c2637e) Importer(815301076,1909f56bfc062723c751e8b465ee728b)  -> (artifact id: '75cc011d000a7fa9e1e09ac01c71e5e1') in 0.009865 seconds 
  Import took 0.012484 seconds .

========================================================================
Received Import Request.
  Time since last request: 1.125241 seconds.
  path: Assets/Art/Group 8201.png
  artifactKey: Guid(317d5bb51d4782e4893fcdadc956ed72) Importer(815301076,1909f56bfc062723c751e8b465ee728b)
Start importing Assets/Art/Group 8201.png using Guid(317d5bb51d4782e4893fcdadc956ed72) Importer(815301076,1909f56bfc062723c751e8b465ee728b)  -> (artifact id: '6cc4281d23f4bed47b9b67f92bccdf42') in 0.016634 seconds 
  Import took 0.019276 seconds .

========================================================================
Received Import Request.
  Time since last request: 2.723427 seconds.
  path: Assets/Art/Group 8201 - Copy.png
  artifactKey: Guid(8d9c78afaa632e543b8e24a92564d0b6) Importer(815301076,1909f56bfc062723c751e8b465ee728b)
Start importing Assets/Art/Group 8201 - Copy.png using Guid(8d9c78afaa632e543b8e24a92564d0b6) Importer(815301076,1909f56bfc062723c751e8b465ee728b)  -> (artifact id: 'd0efafe94fe3b150218106512474d41e') in 0.014298 seconds 
  Import took 0.017458 seconds .

========================================================================
Received Import Request.
  Time since last request: 87.397430 seconds.
  path: Assets/Art/Button (1).png
  artifactKey: Guid(d58c21cbd6a81c94f966df36476d9a07) Importer(815301076,1909f56bfc062723c751e8b465ee728b)
Start importing Assets/Art/Button (1).png using Guid(d58c21cbd6a81c94f966df36476d9a07) Importer(815301076,1909f56bfc062723c751e8b465ee728b)  -> (artifact id: '225670cf9fe8547b0fd24fcdeaf1aed9') in 0.010956 seconds 
  Import took 0.013629 seconds .

========================================================================
Received Import Request.
  Time since last request: 686.006153 seconds.
  path: Assets/Art/save.png
  artifactKey: Guid(ad40097dc19df51489ecd5ec7ed285ac) Importer(815301076,1909f56bfc062723c751e8b465ee728b)
Start importing Assets/Art/save.png using Guid(ad40097dc19df51489ecd5ec7ed285ac) Importer(815301076,1909f56bfc062723c751e8b465ee728b)  -> (artifact id: '8f260f73c4b1c9031fc1cb14d393acb9') in 0.012034 seconds 
  Import took 0.014910 seconds .

========================================================================
Received Import Request.
  Time since last request: 72.396815 seconds.
  path: Assets/Art/Button (3).png
  artifactKey: Guid(53ecee7a45da4c449ace9a66d4030bbd) Importer(815301076,1909f56bfc062723c751e8b465ee728b)
Start importing Assets/Art/Button (3).png using Guid(53ecee7a45da4c449ace9a66d4030bbd) Importer(815301076,1909f56bfc062723c751e8b465ee728b)  -> (artifact id: '6d88211d813426a30dd6db51d28622e7') in 0.014051 seconds 
  Import took 0.016794 seconds .

========================================================================
Received Import Request.
  Time since last request: 8.443923 seconds.
  path: Assets/Art/Button (1).png
  artifactKey: Guid(d58c21cbd6a81c94f966df36476d9a07) Importer(815301076,1909f56bfc062723c751e8b465ee728b)
Start importing Assets/Art/Button (1).png using Guid(d58c21cbd6a81c94f966df36476d9a07) Importer(815301076,1909f56bfc062723c751e8b465ee728b)  -> (artifact id: '1cd0a2561834fcb77d00434c3fd8146a') in 0.049143 seconds 
  Import took 0.051800 seconds .

========================================================================
Received Prepare
Registering precompiled user dll's ...
Registered in 0.003576 seconds.
Begin MonoManager ReloadAssembly
Native extension for WindowsStandalone target not found
Refreshing native plugins compatible for Editor in 0.41 ms, found 2 plugins.
Preloading 0 native plugins for Editor in 0.00 ms.
Mono: successfully reloaded assembly
- Completed reload, in  1.009 seconds
Domain Reload Profiling:
	ReloadAssembly (1009ms)
		BeginReloadAssembly (114ms)
			ExecutionOrderSort (0ms)
			DisableScriptedObjects (9ms)
			BackupInstance (0ms)
			ReleaseScriptingObjects (0ms)
			CreateAndSetChildDomain (33ms)
		EndReloadAssembly (827ms)
			LoadAssemblies (89ms)
			RebuildTransferFunctionScriptingTraits (0ms)
			SetupTypeCache (303ms)
			ReleaseScriptCaches (1ms)
			RebuildScriptCaches (42ms)
			SetupLoadedEditorAssemblies (288ms)
				LogAssemblyErrors (0ms)
				InitializePlatformSupportModulesInManaged (4ms)
				SetLoadedEditorAssemblies (1ms)
				RefreshPlugins (0ms)
				BeforeProcessingInitializeOnLoad (72ms)
				ProcessInitializeOnLoadAttributes (196ms)
				ProcessInitializeOnLoadMethodAttributes (11ms)
				AfterProcessingInitializeOnLoad (3ms)
				EditorAssembliesLoaded (0ms)
			ExecutionOrderSort2 (0ms)
			AwakeInstancesAfterBackupRestoration (7ms)
Platform modules already initialized, skipping
Switching build target platform(19) subTarget(0) extendedPlatform(0) -> platform(13) subTarget(537395200) extendedPlatform(0)
Refreshing native plugins compatible for Editor in 0.41 ms, found 2 plugins.
Preloading 0 native plugins for Editor in 0.00 ms.
Unloading 1535 Unused Serialized files (Serialized files now loaded: 0)
System memory in use before: 75.2 MB.
System memory in use after: 75.3 MB.

Unloading 14 unused Assets to reduce memory usage. Loaded Objects now: 1983.
Total: 2.753500 ms (FindLiveObjects: 0.165200 ms CreateObjectMapping: 0.035300 ms MarkObjects: 2.536800 ms  DeleteObjects: 0.015200 ms)

AssetImportParameters requested are different than current active one (requested -> active):
  custom:framework-win-MediaFoundation: 216162199b28c13a410421893ffa2e32 -> 
  custom:video-decoder-ogg-theora: a1e56fd34408186e4bbccfd4996cb3dc -> 
  custom:container-muxer-webm: aa71ff27fc2769a1b78a27578f13a17b -> 
  custom:container-demuxer-webm: 4f35f7cbe854078d1ac9338744f61a02 -> 
  custom:container-demuxer-ogg: 62fdf1f143b41e24485cea50d1cbac27 -> 
  custom:video-encoder-webm-vp8: eb34c28f22e8b96e1ab97ce403110664 -> 
  custom:video-decoder-webm-vp8: 9c59270c3fd7afecdb556c50c9e8de78 -> 
  custom:graphics/normal-map-encoding: 01000000000000000000000000000000 -> 02000000000000000000000000000000
  custom:audio-decoder-ogg-vorbis: bf7c407c2cedff20999df2af8eb42d56 -> 
  custom:audio-encoder-webm-vorbis: bf7c407c2cedff20999df2af8eb42d56 -> 
========================================================================
Received Import Request.
  Time since last request: 407.732597 seconds.
  path: Assets/Art/reload.png
  artifactKey: Guid(3b4058611c18e4e4c844b926aedddcee) Importer(815301076,1909f56bfc062723c751e8b465ee728b)
Start importing Assets/Art/reload.png using Guid(3b4058611c18e4e4c844b926aedddcee) Importer(815301076,1909f56bfc062723c751e8b465ee728b)  -> (artifact id: '0e9a7ad2be670443c38e34b74492d5ea') in 0.037680 seconds 
  Import took 0.040395 seconds .

========================================================================
Received Import Request.
  Time since last request: 6.937333 seconds.
  path: Assets/Art/reload.png
  artifactKey: Guid(3b4058611c18e4e4c844b926aedddcee) Importer(815301076,1909f56bfc062723c751e8b465ee728b)
Start importing Assets/Art/reload.png using Guid(3b4058611c18e4e4c844b926aedddcee) Importer(815301076,1909f56bfc062723c751e8b465ee728b)  -> (artifact id: '6755df099d190ccd7e692ffa7a0a752f') in 0.029552 seconds 
  Import took 0.032269 seconds .

========================================================================
Received Import Request.
  Time since last request: 0.563400 seconds.
  path: Assets/Art/Button (3).png
  artifactKey: Guid(53ecee7a45da4c449ace9a66d4030bbd) Importer(815301076,1909f56bfc062723c751e8b465ee728b)
Start importing Assets/Art/Button (3).png using Guid(53ecee7a45da4c449ace9a66d4030bbd) Importer(815301076,1909f56bfc062723c751e8b465ee728b)  -> (artifact id: 'e5b7d4017053614b7468202778f22bb8') in 0.013816 seconds 
  Import took 0.016784 seconds .

========================================================================
Received Import Request.
  Time since last request: 49.765131 seconds.
  path: Assets/Art/Button (3).png
  artifactKey: Guid(53ecee7a45da4c449ace9a66d4030bbd) Importer(815301076,1909f56bfc062723c751e8b465ee728b)
Start importing Assets/Art/Button (3).png using Guid(53ecee7a45da4c449ace9a66d4030bbd) Importer(815301076,1909f56bfc062723c751e8b465ee728b)  -> (artifact id: '429b4a2d049fb5cc6f2f133151a4965a') in 0.008512 seconds 
  Import took 0.011657 seconds .

========================================================================
Received Import Request.
  Time since last request: 2.321612 seconds.
  path: Assets/Art/Button (1).png
  artifactKey: Guid(d58c21cbd6a81c94f966df36476d9a07) Importer(815301076,1909f56bfc062723c751e8b465ee728b)
Start importing Assets/Art/Button (1).png using Guid(d58c21cbd6a81c94f966df36476d9a07) Importer(815301076,1909f56bfc062723c751e8b465ee728b)  -> (artifact id: 'f5ed3e3c3b1eef3735e9b16649b3b469') in 0.008814 seconds 
  Import took 0.011842 seconds .

========================================================================
Received Import Request.
  Time since last request: 49.565142 seconds.
  path: Assets/Art/Rectangle 1569.png
  artifactKey: Guid(7112a5ee523175747b1f7cc904c2637e) Importer(815301076,1909f56bfc062723c751e8b465ee728b)
Start importing Assets/Art/Rectangle 1569.png using Guid(7112a5ee523175747b1f7cc904c2637e) Importer(815301076,1909f56bfc062723c751e8b465ee728b)  -> (artifact id: '8d66ab50fb54c81d61b95748005b1f0b') in 0.011857 seconds 
  Import took 0.014482 seconds .

========================================================================
Received Import Request.
  Time since last request: 25.215196 seconds.
  path: Assets/Art/Rectangle 1569.png
  artifactKey: Guid(7112a5ee523175747b1f7cc904c2637e) Importer(815301076,1909f56bfc062723c751e8b465ee728b)
Start importing Assets/Art/Rectangle 1569.png using Guid(7112a5ee523175747b1f7cc904c2637e) Importer(815301076,1909f56bfc062723c751e8b465ee728b)  -> (artifact id: '7a9b5f33ba1c4a68776cb0769dba26ac') in 0.006478 seconds 
  Import took 0.009076 seconds .

========================================================================
Received Import Request.
  Time since last request: 229.617759 seconds.
  path: Assets/Art/Button (3).png
  artifactKey: Guid(53ecee7a45da4c449ace9a66d4030bbd) Importer(815301076,1909f56bfc062723c751e8b465ee728b)
Start importing Assets/Art/Button (3).png using Guid(53ecee7a45da4c449ace9a66d4030bbd) Importer(815301076,1909f56bfc062723c751e8b465ee728b)  -> (artifact id: '66004a6bcb1f6996d9e287c812c0e821') in 0.009145 seconds 
  Import took 0.012332 seconds .

========================================================================
Received Import Request.
  Time since last request: 127.112889 seconds.
  path: Assets/Art/Button (3).png
  artifactKey: Guid(53ecee7a45da4c449ace9a66d4030bbd) Importer(815301076,1909f56bfc062723c751e8b465ee728b)
Start importing Assets/Art/Button (3).png using Guid(53ecee7a45da4c449ace9a66d4030bbd) Importer(815301076,1909f56bfc062723c751e8b465ee728b)  -> (artifact id: 'b5540f7bd08b39228643c0e43526a0b8') in 0.009589 seconds 
  Import took 0.012610 seconds .

========================================================================
Received Import Request.
  Time since last request: 214.010154 seconds.
  path: Assets/Art/Button (4).png
  artifactKey: Guid(12c80354ee6a132459c806f3c61ab640) Importer(815301076,1909f56bfc062723c751e8b465ee728b)
Start importing Assets/Art/Button (4).png using Guid(12c80354ee6a132459c806f3c61ab640) Importer(815301076,1909f56bfc062723c751e8b465ee728b)  -> (artifact id: '41b1f26c96e052969e7cbb2bd0ef080e') in 0.010442 seconds 
  Import took 0.013207 seconds .

========================================================================
Received Import Request.
  Time since last request: 11.853662 seconds.
  path: Assets/Art/Button (4).png
  artifactKey: Guid(12c80354ee6a132459c806f3c61ab640) Importer(815301076,1909f56bfc062723c751e8b465ee728b)
Start importing Assets/Art/Button (4).png using Guid(12c80354ee6a132459c806f3c61ab640) Importer(815301076,1909f56bfc062723c751e8b465ee728b)  -> (artifact id: '7e41df82ee4942c0cdee08019f7c5ed2') in 0.016251 seconds 
  Import took 0.019734 seconds .

========================================================================
Received Import Request.
  Time since last request: 145.068368 seconds.
  path: Assets/Art/Button (4).png
  artifactKey: Guid(12c80354ee6a132459c806f3c61ab640) Importer(815301076,1909f56bfc062723c751e8b465ee728b)
Start importing Assets/Art/Button (4).png using Guid(12c80354ee6a132459c806f3c61ab640) Importer(815301076,1909f56bfc062723c751e8b465ee728b)  -> (artifact id: 'dd0081b58c265c512c48a060a8144bf0') in 0.012746 seconds 
  Import took 0.015438 seconds .

========================================================================
Received Import Request.
  Time since last request: 218.525705 seconds.
  path: Assets/Art/Button (3).png
  artifactKey: Guid(53ecee7a45da4c449ace9a66d4030bbd) Importer(815301076,1909f56bfc062723c751e8b465ee728b)
Start importing Assets/Art/Button (3).png using Guid(53ecee7a45da4c449ace9a66d4030bbd) Importer(815301076,1909f56bfc062723c751e8b465ee728b)  -> (artifact id: 'ae218af442275aa3f7f1b77a4beb2607') in 0.012597 seconds 
  Import took 0.015570 seconds .

========================================================================
Received Import Request.
  Time since last request: 5.619677 seconds.
  path: Assets/Art/x-circle.png
  artifactKey: Guid(0f6ed70b13264fb4882fb03f9f3dc1d4) Importer(815301076,1909f56bfc062723c751e8b465ee728b)
Start importing Assets/Art/x-circle.png using Guid(0f6ed70b13264fb4882fb03f9f3dc1d4) Importer(815301076,1909f56bfc062723c751e8b465ee728b)  -> (artifact id: '010fd3af4f1fa4746f568cadc405039a') in 0.013729 seconds 
  Import took 0.016590 seconds .

========================================================================
Received Import Request.
  Time since last request: 184.600589 seconds.
  path: Assets/Art/Group 8201.png
  artifactKey: Guid(317d5bb51d4782e4893fcdadc956ed72) Importer(815301076,1909f56bfc062723c751e8b465ee728b)
Start importing Assets/Art/Group 8201.png using Guid(317d5bb51d4782e4893fcdadc956ed72) Importer(815301076,1909f56bfc062723c751e8b465ee728b)  -> (artifact id: '924488c25f9d9635a275569a226c325d') in 0.021059 seconds 
  Import took 0.023842 seconds .

========================================================================
Received Import Request.
  Time since last request: 277.482756 seconds.
  path: Assets/Art/Group 8201 (1).png
  artifactKey: Guid(9e07ad7248276d14eac70f6ab23b9e7c) Importer(815301076,1909f56bfc062723c751e8b465ee728b)
Start importing Assets/Art/Group 8201 (1).png using Guid(9e07ad7248276d14eac70f6ab23b9e7c) Importer(815301076,1909f56bfc062723c751e8b465ee728b)  -> (artifact id: '9af44f7f42c17f28c25ffdd981f02282') in 0.013140 seconds 
  Import took 0.016050 seconds .

========================================================================
Received Import Request.
  Time since last request: 7.878804 seconds.
  path: Assets/Art/Group 8201 (1).png
  artifactKey: Guid(9e07ad7248276d14eac70f6ab23b9e7c) Importer(815301076,1909f56bfc062723c751e8b465ee728b)
Start importing Assets/Art/Group 8201 (1).png using Guid(9e07ad7248276d14eac70f6ab23b9e7c) Importer(815301076,1909f56bfc062723c751e8b465ee728b)  -> (artifact id: '51a450bd7b690f4519adcc43f8ab0505') in 0.017374 seconds 
  Import took 0.020139 seconds .

========================================================================
Received Import Request.
  Time since last request: 403.260628 seconds.
  path: Assets/Art/Button (5).png
  artifactKey: Guid(afc80b7c32dd89e4187a3b12ba1f6d69) Importer(815301076,1909f56bfc062723c751e8b465ee728b)
Start importing Assets/Art/Button (5).png using Guid(afc80b7c32dd89e4187a3b12ba1f6d69) Importer(815301076,1909f56bfc062723c751e8b465ee728b)  -> (artifact id: 'a7e840b928031079b292ec98b8eb2630') in 0.010223 seconds 
  Import took 0.013306 seconds .

========================================================================
Received Import Request.
  Time since last request: 7.284298 seconds.
  path: Assets/Art/Button (5).png
  artifactKey: Guid(afc80b7c32dd89e4187a3b12ba1f6d69) Importer(815301076,1909f56bfc062723c751e8b465ee728b)
Start importing Assets/Art/Button (5).png using Guid(afc80b7c32dd89e4187a3b12ba1f6d69) Importer(815301076,1909f56bfc062723c751e8b465ee728b)  -> (artifact id: '4a9c9ba5fb35fb267800ff6aec668f65') in 0.008828 seconds 
  Import took 0.011510 seconds .

========================================================================
Received Import Request.
  Time since last request: 3.686842 seconds.
  path: Assets/Art/Button (5).png
  artifactKey: Guid(afc80b7c32dd89e4187a3b12ba1f6d69) Importer(815301076,1909f56bfc062723c751e8b465ee728b)
Start importing Assets/Art/Button (5).png using Guid(afc80b7c32dd89e4187a3b12ba1f6d69) Importer(815301076,1909f56bfc062723c751e8b465ee728b)  -> (artifact id: '477fc9b05ca69eb10adad3932f641300') in 0.017662 seconds 
  Import took 0.020769 seconds .

========================================================================
Received Import Request.
  Time since last request: 8.785463 seconds.
  path: Assets/Art/Button (5).png
  artifactKey: Guid(afc80b7c32dd89e4187a3b12ba1f6d69) Importer(815301076,1909f56bfc062723c751e8b465ee728b)
Start importing Assets/Art/Button (5).png using Guid(afc80b7c32dd89e4187a3b12ba1f6d69) Importer(815301076,1909f56bfc062723c751e8b465ee728b)  -> (artifact id: '82d02e7012fe94a9353bc0ee596779f9') in 0.008611 seconds 
  Import took 0.011397 seconds .

========================================================================
Received Import Request.
  Time since last request: 11.757491 seconds.
  path: Assets/Art/Button (4).png
  artifactKey: Guid(12c80354ee6a132459c806f3c61ab640) Importer(815301076,1909f56bfc062723c751e8b465ee728b)
Start importing Assets/Art/Button (4).png using Guid(12c80354ee6a132459c806f3c61ab640) Importer(815301076,1909f56bfc062723c751e8b465ee728b)  -> (artifact id: '1192a95a3db216172202b3f189a48917') in 0.014090 seconds 
  Import took 0.016947 seconds .

========================================================================
Received Import Request.
  Time since last request: 1559.611406 seconds.
  path: Assets/Font/Anuphan-Bold.otf
  artifactKey: Guid(b2cdccb24f23e6d4b9071c3dcc7b06ba) Importer(815301076,1909f56bfc062723c751e8b465ee728b)
Start importing Assets/Font/Anuphan-Bold.otf using Guid(b2cdccb24f23e6d4b9071c3dcc7b06ba) Importer(815301076,1909f56bfc062723c751e8b465ee728b)  -> (artifact id: '47ce549fb4b98f4ad99ed331af36048c') in 0.068250 seconds 
  Import took 0.071135 seconds .

========================================================================
Received Import Request.
  Time since last request: 0.000191 seconds.
  path: Assets/Font/Anuphan-ExtraLight.otf
  artifactKey: Guid(b6b005205b9475f4fb353f9d35bbd685) Importer(815301076,1909f56bfc062723c751e8b465ee728b)
Start importing Assets/Font/Anuphan-ExtraLight.otf using Guid(b6b005205b9475f4fb353f9d35bbd685) Importer(815301076,1909f56bfc062723c751e8b465ee728b)  -> (artifact id: '937d9cbfa0cecd02671408f2291a4b5e') in 0.012716 seconds 
  Import took 0.015240 seconds .

========================================================================
Received Import Request.
  Time since last request: 0.000356 seconds.
  path: Assets/Font/Anuphan-Thin.otf
  artifactKey: Guid(4a5ce4cc770569a44a8c59880977405c) Importer(815301076,1909f56bfc062723c751e8b465ee728b)
Start importing Assets/Font/Anuphan-Thin.otf using Guid(4a5ce4cc770569a44a8c59880977405c) Importer(815301076,1909f56bfc062723c751e8b465ee728b)  -> (artifact id: '18096500c78061d1ed25bf6e7fd7fa21') in 0.017365 seconds 
  Import took 0.020410 seconds .

========================================================================
Received Import Request.
  Time since last request: 0.000201 seconds.
  path: Assets/Font/Anuphan-Medium.otf
  artifactKey: Guid(cf08b016e32c97d499e7b07a17838d24) Importer(815301076,1909f56bfc062723c751e8b465ee728b)
Start importing Assets/Font/Anuphan-Medium.otf using Guid(cf08b016e32c97d499e7b07a17838d24) Importer(815301076,1909f56bfc062723c751e8b465ee728b)  -> (artifact id: 'a13e626c72a23d70bcff0d9160a48d0b') in 0.015018 seconds 
  Import took 0.017601 seconds .

========================================================================
Received Import Request.
  Time since last request: 0.000243 seconds.
  path: Assets/Font/Anuphan-Light.otf
  artifactKey: Guid(997ecec4e09b86243a64affb7fe45d3d) Importer(815301076,1909f56bfc062723c751e8b465ee728b)
Start importing Assets/Font/Anuphan-Light.otf using Guid(997ecec4e09b86243a64affb7fe45d3d) Importer(815301076,1909f56bfc062723c751e8b465ee728b)  -> (artifact id: 'fa98d5eb8854cbfe95c9a60df7b0298e') in 0.016808 seconds 
  Import took 0.019653 seconds .

========================================================================
Received Import Request.
  Time since last request: 0.000204 seconds.
  path: Assets/Font/Anuphan-Regular.otf
  artifactKey: Guid(214f096bf84002946bb58547dfdafc44) Importer(815301076,1909f56bfc062723c751e8b465ee728b)
Start importing Assets/Font/Anuphan-Regular.otf using Guid(214f096bf84002946bb58547dfdafc44) Importer(815301076,1909f56bfc062723c751e8b465ee728b)  -> (artifact id: 'e072ba0864325bae3243ff6b70e3ad0e') in 0.015223 seconds 
  Import took 0.017861 seconds .

========================================================================
Received Import Request.
  Time since last request: 0.000240 seconds.
  path: Assets/Font/Anuphan-SemiBold.otf
  artifactKey: Guid(1aef80d546d2fb543a4ce15df77a67d5) Importer(815301076,1909f56bfc062723c751e8b465ee728b)
Start importing Assets/Font/Anuphan-SemiBold.otf using Guid(1aef80d546d2fb543a4ce15df77a67d5) Importer(815301076,1909f56bfc062723c751e8b465ee728b)  -> (artifact id: '979fdd1dd2f8b2fec395588a4b5702e8') in 0.014551 seconds 
  Import took 0.017512 seconds .

========================================================================
Received Import Request.
  Time since last request: 208.046800 seconds.
  path: Assets/Art/Group 8202.png
  artifactKey: Guid(7d20275448c482742af9fdfa645fa2a9) Importer(815301076,1909f56bfc062723c751e8b465ee728b)
Start importing Assets/Art/Group 8202.png using Guid(7d20275448c482742af9fdfa645fa2a9) Importer(815301076,1909f56bfc062723c751e8b465ee728b)  -> (artifact id: '020ac4044323d0e384041cbe22a5d9bd') in 0.012170 seconds 
  Import took 0.015052 seconds .

========================================================================
Received Import Request.
  Time since last request: 8.666385 seconds.
  path: Assets/Art/save.png
  artifactKey: Guid(ad40097dc19df51489ecd5ec7ed285ac) Importer(815301076,1909f56bfc062723c751e8b465ee728b)
Start importing Assets/Art/save.png using Guid(ad40097dc19df51489ecd5ec7ed285ac) Importer(815301076,1909f56bfc062723c751e8b465ee728b)  -> (artifact id: '28bf49c7a7639dfd70493176dd56c508') in 0.010882 seconds 
  Import took 0.013820 seconds .

========================================================================
Received Import Request.
  Time since last request: 6.255420 seconds.
  path: Assets/Art/Group 8202.png
  artifactKey: Guid(7d20275448c482742af9fdfa645fa2a9) Importer(815301076,1909f56bfc062723c751e8b465ee728b)
Start importing Assets/Art/Group 8202.png using Guid(7d20275448c482742af9fdfa645fa2a9) Importer(815301076,1909f56bfc062723c751e8b465ee728b)  -> (artifact id: 'cf34edf69a53c549d30985f85401a438') in 0.016621 seconds 
  Import took 0.019464 seconds .

